<?xml version="1.0" encoding="UTF-8"?>
<testng-results skipped="0" failed="0" ignored="0" total="2" passed="2">
  <reporter-output>
  </reporter-output>
  <suite name="Default suite" duration-ms="46" started-at="2019-11-14T22:12:58Z" finished-at="2019-11-14T22:12:58Z">
    <groups>
    </groups>
    <test name="Default test" duration-ms="46" started-at="2019-11-14T22:12:58Z" finished-at="2019-11-14T22:12:58Z">
      <class name="com.qa.salesforce.tests.TestNgAnnotation">
        <test-method status="PASS" signature="methodm1()[pri:0, instance:com.qa.salesforce.tests.TestNgAnnotation@3ffc5af1]" name="methodm1" is-config="true" duration-ms="13" started-at="2019-11-14T22:12:58Z" finished-at="2019-11-14T22:12:58Z">
          <reporter-output>
          </reporter-output>
        </test-method> <!-- methodm1 -->
        <test-method status="PASS" signature="methodm2()[pri:0, instance:com.qa.salesforce.tests.TestNgAnnotation@3ffc5af1]" name="methodm2" is-config="true" duration-ms="0" started-at="2019-11-14T22:12:58Z" finished-at="2019-11-14T22:12:58Z">
          <reporter-output>
          </reporter-output>
        </test-method> <!-- methodm2 -->
        <test-method status="PASS" signature="methodm3()[pri:0, instance:com.qa.salesforce.tests.TestNgAnnotation@3ffc5af1]" name="methodm3" is-config="true" duration-ms="0" started-at="2019-11-14T22:12:58Z" finished-at="2019-11-14T22:12:58Z">
          <reporter-output>
          </reporter-output>
        </test-method> <!-- methodm3 -->
        <test-method status="PASS" signature="Test1()[pri:0, instance:com.qa.salesforce.tests.TestNgAnnotation@3ffc5af1]" name="Test1" duration-ms="6" started-at="2019-11-14T22:12:58Z" finished-at="2019-11-14T22:12:58Z">
          <reporter-output>
          </reporter-output>
        </test-method> <!-- Test1 -->
        <test-method status="PASS" signature="methodm4()[pri:0, instance:com.qa.salesforce.tests.TestNgAnnotation@3ffc5af1]" name="methodm4" is-config="true" duration-ms="0" started-at="2019-11-14T22:12:58Z" finished-at="2019-11-14T22:12:58Z">
          <reporter-output>
          </reporter-output>
        </test-method> <!-- methodm4 -->
        <test-method status="PASS" signature="methodm8()[pri:0, instance:com.qa.salesforce.tests.TestNgAnnotation@3ffc5af1]" name="methodm8" is-config="true" duration-ms="1" started-at="2019-11-14T22:12:58Z" finished-at="2019-11-14T22:12:58Z">
          <reporter-output>
          </reporter-output>
        </test-method> <!-- methodm8 -->
        <test-method status="PASS" signature="methodm4()[pri:0, instance:com.qa.salesforce.tests.TestNgAnnotation@3ffc5af1]" name="methodm4" is-config="true" duration-ms="0" started-at="2019-11-14T22:12:58Z" finished-at="2019-11-14T22:12:58Z">
          <reporter-output>
          </reporter-output>
        </test-method> <!-- methodm4 -->
        <test-method status="PASS" signature="Test2()[pri:0, instance:com.qa.salesforce.tests.TestNgAnnotation@3ffc5af1]" name="Test2" duration-ms="4" started-at="2019-11-14T22:12:58Z" finished-at="2019-11-14T22:12:58Z">
          <reporter-output>
          </reporter-output>
        </test-method> <!-- Test2 -->
        <test-method status="PASS" signature="methodm8()[pri:0, instance:com.qa.salesforce.tests.TestNgAnnotation@3ffc5af1]" name="methodm8" is-config="true" duration-ms="1" started-at="2019-11-14T22:12:58Z" finished-at="2019-11-14T22:12:58Z">
          <reporter-output>
          </reporter-output>
        </test-method> <!-- methodm8 -->
        <test-method status="PASS" signature="methodm7()[pri:0, instance:com.qa.salesforce.tests.TestNgAnnotation@3ffc5af1]" name="methodm7" is-config="true" duration-ms="0" started-at="2019-11-14T22:12:58Z" finished-at="2019-11-14T22:12:58Z">
          <reporter-output>
          </reporter-output>
        </test-method> <!-- methodm7 -->
        <test-method status="PASS" signature="methodm6()[pri:0, instance:com.qa.salesforce.tests.TestNgAnnotation@3ffc5af1]" name="methodm6" is-config="true" duration-ms="0" started-at="2019-11-14T22:12:58Z" finished-at="2019-11-14T22:12:58Z">
          <reporter-output>
          </reporter-output>
        </test-method> <!-- methodm6 -->
        <test-method status="PASS" signature="methodm5()[pri:0, instance:com.qa.salesforce.tests.TestNgAnnotation@3ffc5af1]" name="methodm5" is-config="true" duration-ms="0" started-at="2019-11-14T22:12:58Z" finished-at="2019-11-14T22:12:58Z">
          <reporter-output>
          </reporter-output>
        </test-method> <!-- methodm5 -->
      </class> <!-- com.qa.salesforce.tests.TestNgAnnotation -->
    </test> <!-- Default test -->
  </suite> <!-- Default suite -->
</testng-results>
